<?xml version="1.0" encoding="UTF-8" ?>
<testsuite failures="1" time="0.023" errors="0" skipped="0" tests="4" name="com.dungeonGame.MainTest">
  <properties>
[...]
</properties>
  <testcase time="0.023" classname="com.dungeonGame.MainTest" name="testFromCase">
    <failure message="expected:&lt;10&gt; but was:&lt;7&gt;" type="junit.framework.AssertionFailedError">junit.framework.AssertionFailedError: expected:&lt;10&gt; but was:&lt;7&gt;
	at junit.framework.Assert.fail(Assert.java:47)
	at junit.framework.Assert.failNotEquals(Assert.java:282)
	at junit.framework.Assert.assertEquals(Assert.java:64)
	at junit.framework.Assert.assertEquals(Assert.java:201)
	at junit.framework.Assert.assertEquals(Assert.java:207)
	at com.dungeonGame.MainTest.testFromCase(MainTest.java:75)
</failure>
    <system-out>rows = 3 cols= 3
lineIndex = 0 i= 0 value = --2-
lineIndex = 0 i= 1 value = --3-
lineIndex = 0 i= 2 value = -3-
lineIndex = 1 i= 0 value = --5-
lineIndex = 1 i= 1 value = --10-
lineIndex = 1 i= 2 value = -1-
lineIndex = 2 i= 0 value = -10-
lineIndex = 2 i= 1 value = -30-
lineIndex = 2 i= 2 value = --5-
rows = 3 cols= 3
lineIndex = 0 i= 0 value = --2-
lineIndex = 0 i= 1 value = --3-
lineIndex = 0 i= 2 value = -3-
lineIndex = 1 i= 0 value = --8-
lineIndex = 1 i= 1 value = --10-
lineIndex = 1 i= 2 value = -1-
lineIndex = 2 i= 0 value = -10-
lineIndex = 2 i= 1 value = -30-
lineIndex = 2 i= 2 value = --5-
</system-out>
  </testcase>
  <testcase time="0" classname="com.dungeonGame.MainTest" name="testApp3"/>
  <testcase time="0" classname="com.dungeonGame.MainTest" name="testApp"/>
  <testcase time="0" classname="com.dungeonGame.MainTest" name="testApp2"/>
</testsuite>